2026-03-26 23:38:07,238 - __main__ - INFO - Starting Telegram bot...
2026-03-26 23:38:07,802 - httpx - INFO - HTTP Request: POST https://api.telegram.org/bot8730850777:AAHYBpOW-SGB6-6DIzx3TrNNiPioAFqQGYc/getMe "HTTP/1.1 200 OK"
2026-03-26 23:38:07,892 - httpx - INFO - HTTP Request: POST https://api.telegram.org/bot8730850777:AAHYBpOW-SGB6-6DIzx3TrNNiPioAFqQGYc/deleteWebhook "HTTP/1.1 200 OK"
2026-03-26 23:38:07,895 - telegram.ext.Application - INFO - Application started
2026-03-26 23:38:18,530 - httpx - INFO - HTTP Request: POST https://api.telegram.org/bot8730850777:AAHYBpOW-SGB6-6DIzx3TrNNiPioAFqQGYc/getUpdates "HTTP/1.1 200 OK"
2026-03-26 23:38:28,627 - httpx - INFO - HTTP Request: POST https://api.telegram.org/bot8730850777:AAHYBpOW-SGB6-6DIzx3TrNNiPioAFqQGYc/getUpdates "HTTP/1.1 200 OK"
2026-03-26 23:38:38,822 - httpx - INFO - HTTP Request: POST https://api.telegram.org/bot8730850777:AAHYBpOW-SGB6-6DIzx3TrNNiPioAFqQGYc/getUpdates "HTTP/1.1 200 OK"
2026-03-26 23:38:48,918 - httpx - INFO - HTTP Request: POST https://api.telegram.org/bot8730850777:AAHYBpOW-SGB6-6DIzx3TrNNiPioAFqQGYc/getUpdates "HTTP/1.1 200 OK"
2026-03-26 23:38:59,353 - httpx - INFO - HTTP Request: POST https://api.telegram.org/bot8730850777:AAHYBpOW-SGB6-6DIzx3TrNNiPioAFqQGYc/getUpdates "HTTP/1.1 200 OK"
2026-03-26 23:39:09,449 - httpx - INFO - HTTP Request: POST https://api.telegram.org/bot8730850777:AAHYBpOW-SGB6-6DIzx3TrNNiPioAFqQGYc/getUpdates "HTTP/1.1 200 OK"
2026-03-26 23:39:19,547 - httpx - INFO - HTTP Request: POST https://api.telegram.org/bot8730850777:AAHYBpOW-SGB6-6DIzx3TrNNiPioAFqQGYc/getUpdates "HTTP/1.1 200 OK"
2026-03-26 23:39:29,644 - httpx - INFO - HTTP Request: POST https://api.telegram.org/bot8730850777:AAHYBpOW-SGB6-6DIzx3TrNNiPioAFqQGYc/getUpdates "HTTP/1.1 200 OK"
2026-03-26 23:39:39,835 - httpx - INFO - HTTP Request: POST https://api.telegram.org/bot8730850777:AAHYBpOW-SGB6-6DIzx3TrNNiPioAFqQGYc/getUpdates "HTTP/1.1 200 OK"
2026-03-26 23:39:49,932 - httpx - INFO - HTTP Request: POST https://api.telegram.org/bot8730850777:AAHYBpOW-SGB6-6DIzx3TrNNiPioAFqQGYc/getUpdates "HTTP/1.1 200 OK"
2026-03-26 23:40:00,030 - httpx - INFO - HTTP Request: POST https://api.telegram.org/bot8730850777:AAHYBpOW-SGB6-6DIzx3TrNNiPioAFqQGYc/getUpdates "HTTP/1.1 200 OK"
2026-03-26 23:40:10,133 - httpx - INFO - HTTP Request: POST https://api.telegram.org/bot8730850777:AAHYBpOW-SGB6-6DIzx3TrNNiPioAFqQGYc/getUpdates "HTTP/1.1 200 OK"
2026-03-26 23:40:20,228 - httpx - INFO - HTTP Request: POST https://api.telegram.org/bot8730850777:AAHYBpOW-SGB6-6DIzx3TrNNiPioAFqQGYc/getUpdates "HTTP/1.1 200 OK"
2026-03-26 23:40:30,325 - httpx - INFO - HTTP Request: POST https://api.telegram.org/bot8730850777:AAHYBpOW-SGB6-6DIzx3TrNNiPioAFqQGYc/getUpdates "HTTP/1.1 200 OK"
2026-03-26 23:40:40,423 - httpx - INFO - HTTP Request: POST https://api.telegram.org/bot8730850777:AAHYBpOW-SGB6-6DIzx3TrNNiPioAFqQGYc/getUpdates "HTTP/1.1 200 OK"
2026-03-26 23:40:50,521 - httpx - INFO - HTTP Request: POST https://api.telegram.org/bot8730850777:AAHYBpOW-SGB6-6DIzx3TrNNiPioAFqQGYc/getUpdates "HTTP/1.1 200 OK"
2026-03-26 23:41:00,620 - httpx - INFO - HTTP Request: POST https://api.telegram.org/bot8730850777:AAHYBpOW-SGB6-6DIzx3TrNNiPioAFqQGYc/getUpdates "HTTP/1.1 200 OK"
2026-03-26 23:41:10,724 - httpx - INFO - HTTP Request: POST https://api.telegram.org/bot8730850777:AAHYBpOW-SGB6-6DIzx3TrNNiPioAFqQGYc/getUpdates "HTTP/1.1 200 OK"
2026-03-26 23:41:20,828 - httpx - INFO - HTTP Request: POST https://api.telegram.org/bot8730850777:AAHYBpOW-SGB6-6DIzx3TrNNiPioAFqQGYc/getUpdates "HTTP/1.1 200 OK"
2026-03-26 23:41:30,927 - httpx - INFO - HTTP Request: POST https://api.telegram.org/bot8730850777:AAHYBpOW-SGB6-6DIzx3TrNNiPioAFqQGYc/getUpdates "HTTP/1.1 200 OK"
2026-03-26 23:41:41,025 - httpx - INFO - HTTP Request: POST https://api.telegram.org/bot8730850777:AAHYBpOW-SGB6-6DIzx3TrNNiPioAFqQGYc/getUpdates "HTTP/1.1 200 OK"
2026-03-26 23:41:51,121 - httpx - INFO - HTTP Request: POST https://api.telegram.org/bot8730850777:AAHYBpOW-SGB6-6DIzx3TrNNiPioAFqQGYc/getUpdates "HTTP/1.1 200 OK"
2026-03-26 23:42:01,293 - httpx - INFO - HTTP Request: POST https://api.telegram.org/bot8730850777:AAHYBpOW-SGB6-6DIzx3TrNNiPioAFqQGYc/getUpdates "HTTP/1.1 200 OK"
2026-03-26 23:42:11,389 - httpx - INFO - HTTP Request: POST https://api.telegram.org/bot8730850777:AAHYBpOW-SGB6-6DIzx3TrNNiPioAFqQGYc/getUpdates "HTTP/1.1 200 OK"
2026-03-26 23:42:21,485 - httpx - INFO - HTTP Request: POST https://api.telegram.org/bot8730850777:AAHYBpOW-SGB6-6DIzx3TrNNiPioAFqQGYc/getUpdates "HTTP/1.1 200 OK"
2026-03-26 23:42:31,586 - httpx - INFO - HTTP Request: POST https://api.telegram.org/bot8730850777:AAHYBpOW-SGB6-6DIzx3TrNNiPioAFqQGYc/getUpdates "HTTP/1.1 200 OK"
2026-03-26 23:42:41,683 - httpx - INFO - HTTP Request: POST https://api.telegram.org/bot8730850777:AAHYBpOW-SGB6-6DIzx3TrNNiPioAFqQGYc/getUpdates "HTTP/1.1 200 OK"
2026-03-26 23:42:51,789 - httpx - INFO - HTTP Request: POST https://api.telegram.org/bot8730850777:AAHYBpOW-SGB6-6DIzx3TrNNiPioAFqQGYc/getUpdates "HTTP/1.1 200 OK"
2026-03-26 23:43:01,891 - httpx - INFO - HTTP Request: POST https://api.telegram.org/bot8730850777:AAHYBpOW-SGB6-6DIzx3TrNNiPioAFqQGYc/getUpdates "HTTP/1.1 200 OK"
2026-03-26 23:43:11,987 - httpx - INFO - HTTP Request: POST https://api.telegram.org/bot8730850777:AAHYBpOW-SGB6-6DIzx3TrNNiPioAFqQGYc/getUpdates "HTTP/1.1 200 OK"
2026-03-26 23:43:22,084 - httpx - INFO - HTTP Request: POST https://api.telegram.org/bot8730850777:AAHYBpOW-SGB6-6DIzx3TrNNiPioAFqQGYc/getUpdates "HTTP/1.1 200 OK"
2026-03-26 23:43:32,179 - httpx - INFO - HTTP Request: POST https://api.telegram.org/bot8730850777:AAHYBpOW-SGB6-6DIzx3TrNNiPioAFqQGYc/getUpdates "HTTP/1.1 200 OK"
2026-03-26 23:43:42,279 - httpx - INFO - HTTP Request: POST https://api.telegram.org/bot8730850777:AAHYBpOW-SGB6-6DIzx3TrNNiPioAFqQGYc/getUpdates "HTTP/1.1 200 OK"
2026-03-26 23:43:52,375 - httpx - INFO - HTTP Request: POST https://api.telegram.org/bot8730850777:AAHYBpOW-SGB6-6DIzx3TrNNiPioAFqQGYc/getUpdates "HTTP/1.1 200 OK"
2026-03-26 23:44:02,475 - httpx - INFO - HTTP Request: POST https://api.telegram.org/bot8730850777:AAHYBpOW-SGB6-6DIzx3TrNNiPioAFqQGYc/getUpdates "HTTP/1.1 200 OK"
2026-03-26 23:44:12,572 - httpx - INFO - HTTP Request: POST https://api.telegram.org/bot8730850777:AAHYBpOW-SGB6-6DIzx3TrNNiPioAFqQGYc/getUpdates "HTTP/1.1 200 OK"
2026-03-26 23:44:22,670 - httpx - INFO - HTTP Request: POST https://api.telegram.org/bot8730850777:AAHYBpOW-SGB6-6DIzx3TrNNiPioAFqQGYc/getUpdates "HTTP/1.1 200 OK"
2026-03-26 23:44:32,768 - httpx - INFO - HTTP Request: POST https://api.telegram.org/bot8730850777:AAHYBpOW-SGB6-6DIzx3TrNNiPioAFqQGYc/getUpdates "HTTP/1.1 200 OK"
2026-03-26 23:44:42,864 - httpx - INFO - HTTP Request: POST https://api.telegram.org/bot8730850777:AAHYBpOW-SGB6-6DIzx3TrNNiPioAFqQGYc/getUpdates "HTTP/1.1 200 OK"
2026-03-26 23:44:52,969 - httpx - INFO - HTTP Request: POST https://api.telegram.org/bot8730850777:AAHYBpOW-SGB6-6DIzx3TrNNiPioAFqQGYc/getUpdates "HTTP/1.1 200 OK"
2026-03-26 23:45:03,066 - httpx - INFO - HTTP Request: POST https://api.telegram.org/bot8730850777:AAHYBpOW-SGB6-6DIzx3TrNNiPioAFqQGYc/getUpdates "HTTP/1.1 200 OK"
2026-03-26 23:45:13,163 - httpx - INFO - HTTP Request: POST https://api.telegram.org/bot8730850777:AAHYBpOW-SGB6-6DIzx3TrNNiPioAFqQGYc/getUpdates "HTTP/1.1 200 OK"
2026-03-26 23:45:23,260 - httpx - INFO - HTTP Request: POST https://api.telegram.org/bot8730850777:AAHYBpOW-SGB6-6DIzx3TrNNiPioAFqQGYc/getUpdates "HTTP/1.1 200 OK"
2026-03-26 23:45:33,358 - httpx - INFO - HTTP Request: POST https://api.telegram.org/bot8730850777:AAHYBpOW-SGB6-6DIzx3TrNNiPioAFqQGYc/getUpdates "HTTP/1.1 200 OK"
